0 verbose cli /opt/homebrew/Cellar/node/21.6.2/bin/node /opt/homebrew/bin/npm
1 info using npm@10.2.4
2 info using node@v21.6.2
3 timing npm:load:whichnode Completed in 0ms
4 timing config:load:defaults Completed in 1ms
5 timing config:load:file:/opt/homebrew/lib/node_modules/npm/npmrc Completed in 2ms
6 timing config:load:builtin Completed in 2ms
7 timing config:load:cli Completed in 2ms
8 timing config:load:env Completed in 0ms
9 timing config:load:file:/Users/leehyunsoo/Library/Caches/typescript/5.3/.npmrc Completed in 0ms
10 timing config:load:project Completed in 1ms
11 timing config:load:file:/Users/leehyunsoo/.npmrc Completed in 0ms
12 timing config:load:user Completed in 0ms
13 timing config:load:file:/opt/homebrew/etc/npmrc Completed in 0ms
14 timing config:load:global Completed in 0ms
15 timing config:load:setEnvs Completed in 1ms
16 timing config:load Completed in 8ms
17 timing npm:load:configload Completed in 8ms
18 timing config:load:flatten Completed in 2ms
19 timing npm:load:mkdirpcache Completed in 0ms
20 timing npm:load:mkdirplogs Completed in 0ms
21 verbose title npm install @types/ejs@ts5.3 @types/express@ts5.3 @types/express-session@ts5.3 @types/method-override@ts5.3 @types/multer@ts5.3 @types/passport@ts5.3 @types/passport-local@ts5.3
22 verbose argv "install" "--ignore-scripts" "@types/ejs@ts5.3" "@types/express@ts5.3" "@types/express-session@ts5.3" "@types/method-override@ts5.3" "@types/multer@ts5.3" "@types/passport@ts5.3" "@types/passport-local@ts5.3" "--save-dev" "--user-agent" "typesInstaller/5.3.2"
23 timing npm:load:setTitle Completed in 4ms
24 timing npm:load:display Completed in 0ms
25 verbose logfile logs-max:10 dir:/Users/leehyunsoo/.npm/_logs/2024-04-11T06_32_05_574Z-
26 verbose logfile /Users/leehyunsoo/.npm/_logs/2024-04-11T06_32_05_574Z-debug-0.log
27 timing npm:load:logFile Completed in 6ms
28 timing npm:load:timers Completed in 0ms
29 timing npm:load:configScope Completed in 0ms
30 timing npm:load Completed in 28ms
31 timing arborist:ctor Completed in 1ms
32 silly logfile start cleaning logs, removing 1 files
33 silly logfile done cleaning log files
34 timing idealTree:init Completed in 39ms
35 timing arborist:ctor Completed in 0ms
36 http fetch GET 200 https://registry.npmjs.org/@types%2fexpress 137ms (cache revalidated)
37 http fetch GET 200 https://registry.npmjs.org/@types%2fejs 139ms (cache revalidated)
38 http fetch GET 200 https://registry.npmjs.org/@types%2fmulter 142ms (cache revalidated)
39 http fetch GET 200 https://registry.npmjs.org/@types%2fpassport 144ms (cache revalidated)
40 http fetch GET 200 https://registry.npmjs.org/@types%2fpassport-local 145ms (cache revalidated)
41 http fetch GET 200 https://registry.npmjs.org/@types%2fmethod-override 220ms (cache revalidated)
42 http fetch GET 200 https://registry.npmjs.org/@types%2fexpress-session 224ms (cache revalidated)
43 timing idealTree:userRequests Completed in 228ms
44 silly idealTree buildDeps
45 silly fetch manifest @types/ejs@3.1.5
46 silly fetch manifest @types/express@4.17.21
47 silly fetch manifest @types/express-session@1.18.0
48 silly fetch manifest @types/method-override@0.0.35
49 silly fetch manifest @types/multer@1.4.11
50 silly fetch manifest @types/passport@1.0.16
51 silly fetch manifest @types/passport-local@1.0.38
52 silly placeDep ROOT @types/ejs@3.1.5 REPLACE for:  want: 3.1.5
53 silly placeDep ROOT @types/express@4.17.21 REPLACE for:  want: 4.17.21
54 silly placeDep ROOT @types/express-session@1.18.0 REPLACE for:  want: 1.18.0
55 silly placeDep ROOT @types/method-override@0.0.35 REPLACE for:  want: 0.0.35
56 silly placeDep ROOT @types/multer@1.4.11 REPLACE for:  want: 1.4.11
57 silly placeDep ROOT @types/passport@1.0.16 REPLACE for:  want: 1.0.16
58 silly placeDep ROOT @types/passport-local@1.0.38 REPLACE for:  want: 1.0.38
59 timing idealTree:#root Completed in 13ms
60 timing idealTree:node_modules/@types/ejs Completed in 0ms
61 timing idealTree:node_modules/@types/express Completed in 0ms
62 timing idealTree:node_modules/@types/express-session Completed in 0ms
63 timing idealTree:node_modules/@types/method-override Completed in 0ms
64 timing idealTree:node_modules/@types/multer Completed in 0ms
65 timing idealTree:node_modules/@types/passport Completed in 0ms
66 timing idealTree:node_modules/@types/passport-local Completed in 0ms
67 timing idealTree:buildDeps Completed in 14ms
68 timing idealTree:fixDepFlags Completed in 1ms
69 timing idealTree Completed in 283ms
70 timing reify:loadTrees Completed in 283ms
71 timing reify:diffTrees Completed in 2ms
72 silly reify moves {}
73 timing reify:retireShallow Completed in 0ms
74 timing reify:createSparse Completed in 0ms
75 timing reify:loadBundles Completed in 0ms
76 silly audit bulk request {
76 silly audit   '@babel/code-frame': [ '7.23.5' ],
76 silly audit   'ansi-styles': [ '3.2.1', '4.3.0', '5.2.0' ],
76 silly audit   chalk: [ '2.4.2', '4.1.2' ],
76 silly audit   'color-convert': [ '1.9.3', '2.0.1' ],
76 silly audit   'color-name': [ '1.1.3', '1.1.4' ],
76 silly audit   'escape-string-regexp': [ '1.0.5', '2.0.0' ],
76 silly audit   'has-flag': [ '3.0.0', '4.0.0' ],
76 silly audit   'supports-color': [ '5.5.0', '7.2.0' ],
76 silly audit   '@babel/helper-string-parser': [ '7.24.1' ],
76 silly audit   '@babel/helper-validator-identifier': [ '7.22.20' ],
76 silly audit   '@babel/highlight': [ '7.23.4' ],
76 silly audit   '@babel/parser': [ '7.24.1' ],
76 silly audit   '@babel/types': [ '7.24.0' ],
76 silly audit   '@jest/expect-utils': [ '29.7.0' ],
76 silly audit   '@jest/schemas': [ '29.6.3' ],
76 silly audit   '@jest/types': [ '29.6.3' ],
76 silly audit   '@popperjs/core': [ '2.11.8' ],
76 silly audit   '@sinclair/typebox': [ '0.27.8' ],
76 silly audit   '@types/aws4': [ '1.11.6' ],
76 silly audit   '@types/babel__core': [ '7.20.5' ],
76 silly audit   '@types/babel__generator': [ '7.6.8' ],
76 silly audit   '@types/babel__template': [ '7.4.4' ],
76 silly audit   '@types/babel__traverse': [ '7.20.5' ],
76 silly audit   '@types/babel-core': [ '6.25.10' ],
76 silly audit   '@types/babel-generator': [ '6.25.8' ],
76 silly audit   '@types/babel-template': [ '6.25.5' ],
76 silly audit   '@types/babel-traverse': [ '6.25.10' ],
76 silly audit   '@types/babel-types': [ '7.0.15' ],
76 silly audit   '@types/babelify': [ '7.3.10' ],
76 silly audit   '@types/babylon': [ '6.16.9' ],
76 silly audit   '@types/benchmark': [ '2.1.5' ],
76 silly audit   '@types/bluebird': [ '3.5.42' ],
76 silly audit   '@types/body-parser': [ '1.19.5' ],
76 silly audit   '@types/bootstrap': [ '5.2.10' ],
76 silly audit   '@types/browserify': [ '12.0.40' ],
76 silly audit   '@types/chai': [ '4.3.14' ],
76 silly audit   '@types/cheerio': [ '0.22.35' ],
76 silly audit   '@types/connect': [ '3.4.38' ],
76 silly audit   '@types/domexception': [ '4.0.3' ],
76 silly audit   '@types/eslint': [ '8.56.7' ],
76 silly audit   '@types/eslint-plugin-markdown': [ '2.0.2' ],
76 silly audit   '@types/estree': [ '1.0.5' ],
76 silly audit   '@types/express-serve-static-core': [ '4.17.43' ],
76 silly audit   '@types/fs-extra': [ '11.0.4' ],
76 silly audit   '@types/http-errors': [ '2.0.4' ],
76 silly audit   '@types/insert-module-globals': [ '7.0.5' ],
76 silly audit   '@types/istanbul-lib-coverage': [ '2.0.6' ],
76 silly audit   '@types/istanbul-lib-report': [ '3.0.3' ],
76 silly audit   '@types/istanbul-reports': [ '3.0.4' ],
76 silly audit   '@types/jest': [ '29.5.12' ],
76 silly audit   '@types/json-schema': [ '7.0.15' ],
76 silly audit   '@types/jsonfile': [ '6.1.4' ],
76 silly audit   '@types/karma': [ '6.3.8' ],
76 silly audit   '@types/karma-browserify': [ '7.0.4' ],
76 silly audit   '@types/karma-firefox-launcher': [ '2.1.4' ],
76 silly audit   '@types/karma-mocha': [ '1.3.4' ],
76 silly audit   '@types/karma-mocha-reporter': [ '2.2.4' ],
76 silly audit   '@types/kerberos': [ '1.1.5' ],
76 silly audit   '@types/merge-descriptors': [ '1.0.3' ],
76 silly audit   '@types/mime': [ '1.3.5' ],
76 silly audit   '@types/mocha': [ '10.0.6' ],
76 silly audit   '@types/node': [ '20.11.20' ],
76 silly audit   '@types/passport-strategy': [ '0.2.38' ],
76 silly audit   '@types/qs': [ '6.9.11' ],
76 silly audit   '@types/range-parser': [ '1.2.7' ],
76 silly audit   '@types/rsvp': [ '4.0.9' ],
76 silly audit   '@types/semver': [ '7.5.8' ],
76 silly audit   '@types/send': [ '0.17.4' ],
76 silly audit   '@types/serve-static': [ '1.15.5' ],
76 silly audit   '@types/stack-utils': [ '2.0.3' ],
76 silly audit   '@types/tr46': [ '5.0.0' ],
76 silly audit   '@types/unist': [ '3.0.2' ],
76 silly audit   '@types/watchify': [ '3.11.4' ],
76 silly audit   '@types/webidl-conversions': [ '7.0.3' ],
76 silly audit   '@types/webidl2': [ '24.4.3' ],
76 silly audit   '@types/webidl2js': [ '16.0.6' ],
76 silly audit   '@types/yargs': [ '17.0.32' ],
76 silly audit   '@types/yargs-parser': [ '21.0.3' ],
76 silly audit   braces: [ '3.0.2' ],
76 silly audit   'ci-info': [ '3.9.0' ],
76 silly audit   'date-format': [ '4.0.14' ],
76 silly audit   debug: [ '4.3.4' ],
76 silly audit   'diff-sequences': [ '29.6.3' ],
76 silly audit   expect: [ '29.7.0' ],
76 silly audit   'fill-range': [ '7.0.1' ],
76 silly audit   flatted: [ '3.3.1' ],
76 silly audit   'fs-extra': [ '8.1.0' ],
76 silly audit   'graceful-fs': [ '4.2.11' ],
76 silly audit   'is-number': [ '7.0.0' ],
76 silly audit   'jest-diff': [ '29.7.0' ],
76 silly audit   'jest-get-type': [ '29.6.3' ],
76 silly audit   'jest-matcher-utils': [ '29.7.0' ],
76 silly audit   'jest-message-util': [ '29.7.0' ],
76 silly audit   'jest-util': [ '29.7.0' ],
76 silly audit   'js-tokens': [ '4.0.0' ],
76 silly audit   jsonfile: [ '4.0.0' ],
76 silly audit   log4js: [ '6.9.1' ],
76 silly audit   micromatch: [ '4.0.5' ],
76 silly audit   ms: [ '2.1.2' ],
76 silly audit   picomatch: [ '2.3.1' ],
76 silly audit   'pretty-format': [ '29.7.0' ],
76 silly audit   'react-is': [ '18.2.0' ],
76 silly audit   rfdc: [ '1.3.1' ],
76 silly audit   slash: [ '3.0.0' ],
76 silly audit   'stack-utils': [ '2.0.6' ],
76 silly audit   streamroller: [ '3.1.5' ],
76 silly audit   'to-fast-properties': [ '2.0.0' ],
76 silly audit   'to-regex-range': [ '5.0.1' ],
76 silly audit   'types-registry': [ '0.1.684' ],
76 silly audit   'undici-types': [ '5.26.5' ],
76 silly audit   universalify: [ '0.1.2' ],
76 silly audit   '@types/ejs': [ '3.1.5' ],
76 silly audit   '@types/express': [ '4.17.21' ],
76 silly audit   '@types/express-session': [ '1.18.0' ],
76 silly audit   '@types/method-override': [ '0.0.35' ],
76 silly audit   '@types/multer': [ '1.4.11' ],
76 silly audit   '@types/passport': [ '1.0.16' ],
76 silly audit   '@types/passport-local': [ '1.0.38' ]
76 silly audit }
77 timing reify:unpack Completed in 0ms
78 timing reify:unretire Completed in 0ms
79 timing build:queue Completed in 0ms
80 timing build:deps Completed in 0ms
81 timing build Completed in 0ms
82 timing reify:build Completed in 0ms
83 timing reify:trash Completed in 0ms
84 timing reify:save Completed in 26ms
85 http fetch POST 200 https://registry.npmjs.org/-/npm/v1/security/advisories/bulk 200ms
86 timing auditReport:getReport Completed in 203ms
87 silly audit report {}
88 timing auditReport:init Completed in 0ms
89 timing reify:audit Completed in 203ms
90 timing reify Completed in 498ms
91 timing command:install Completed in 503ms
92 verbose exit 0
93 timing npm Completed in 625ms
94 info ok
