0 verbose cli /opt/homebrew/Cellar/node/21.6.2/bin/node /opt/homebrew/bin/npm
1 info using npm@10.2.4
2 info using node@v21.6.2
3 timing npm:load:whichnode Completed in 1ms
4 timing config:load:defaults Completed in 0ms
5 timing config:load:file:/opt/homebrew/lib/node_modules/npm/npmrc Completed in 1ms
6 timing config:load:builtin Completed in 1ms
7 timing config:load:cli Completed in 1ms
8 timing config:load:env Completed in 0ms
9 timing config:load:file:/Users/leehyunsoo/Library/Caches/typescript/5.3/.npmrc Completed in 0ms
10 timing config:load:project Completed in 1ms
11 timing config:load:file:/Users/leehyunsoo/.npmrc Completed in 0ms
12 timing config:load:user Completed in 0ms
13 timing config:load:file:/opt/homebrew/etc/npmrc Completed in 0ms
14 timing config:load:global Completed in 0ms
15 timing config:load:setEnvs Completed in 0ms
16 timing config:load Completed in 4ms
17 timing npm:load:configload Completed in 4ms
18 timing config:load:flatten Completed in 0ms
19 timing npm:load:mkdirpcache Completed in 0ms
20 timing npm:load:mkdirplogs Completed in 0ms
21 verbose title npm install types-registry@latest
22 verbose argv "install" "--ignore-scripts" "types-registry@latest"
23 timing npm:load:setTitle Completed in 2ms
24 timing npm:load:display Completed in 0ms
25 verbose logfile logs-max:10 dir:/Users/leehyunsoo/.npm/_logs/2024-02-23T13_26_46_252Z-
26 verbose logfile /Users/leehyunsoo/.npm/_logs/2024-02-23T13_26_46_252Z-debug-0.log
27 timing npm:load:logFile Completed in 4ms
28 timing npm:load:timers Completed in 0ms
29 timing npm:load:configScope Completed in 0ms
30 timing npm:load Completed in 17ms
31 timing arborist:ctor Completed in 0ms
32 silly logfile done cleaning log files
33 timing idealTree:init Completed in 11ms
34 timing arborist:ctor Completed in 0ms
35 http fetch GET 200 https://registry.npmjs.org/types-registry 109ms (cache revalidated)
36 timing idealTree:userRequests Completed in 112ms
37 silly idealTree buildDeps
38 silly fetch manifest types-registry@0.1.684
39 silly placeDep ROOT types-registry@0.1.684 REPLACE for:  want: 0.1.684
40 timing idealTree:#root Completed in 2ms
41 timing idealTree:node_modules/types-registry Completed in 0ms
42 timing idealTree:buildDeps Completed in 3ms
43 timing idealTree:fixDepFlags Completed in 0ms
44 timing idealTree Completed in 128ms
45 timing reify:loadTrees Completed in 128ms
46 timing reify:diffTrees Completed in 1ms
47 silly reify moves {}
48 timing reify:retireShallow Completed in 0ms
49 timing reify:createSparse Completed in 0ms
50 timing reify:loadBundles Completed in 0ms
51 silly audit bulk request {
51 silly audit   '@types/body-parser': [ '1.19.5' ],
51 silly audit   '@types/connect': [ '3.4.38' ],
51 silly audit   '@types/ejs': [ '3.1.5' ],
51 silly audit   '@types/express': [ '4.17.21' ],
51 silly audit   '@types/express-serve-static-core': [ '4.17.43' ],
51 silly audit   '@types/http-errors': [ '2.0.4' ],
51 silly audit   '@types/merge-descriptors': [ '1.0.3' ],
51 silly audit   '@types/mime': [ '1.3.5' ],
51 silly audit   '@types/node': [ '20.11.19' ],
51 silly audit   '@types/qs': [ '6.9.11' ],
51 silly audit   '@types/range-parser': [ '1.2.7' ],
51 silly audit   '@types/send': [ '0.17.4' ],
51 silly audit   '@types/serve-static': [ '1.15.5' ],
51 silly audit   'undici-types': [ '5.26.5' ],
51 silly audit   'types-registry': [ '0.1.684' ]
51 silly audit }
52 timing reify:unpack Completed in 0ms
53 timing reify:unretire Completed in 0ms
54 timing build:queue Completed in 0ms
55 timing build:deps Completed in 0ms
56 timing build Completed in 0ms
57 timing reify:build Completed in 0ms
58 timing reify:trash Completed in 0ms
59 timing reify:save Completed in 4ms
60 http fetch POST 200 https://registry.npmjs.org/-/npm/v1/security/advisories/bulk 293ms
61 timing auditReport:getReport Completed in 295ms
62 silly audit report {}
63 timing auditReport:init Completed in 0ms
64 timing reify:audit Completed in 295ms
65 timing reify Completed in 427ms
66 timing command:install Completed in 432ms
67 verbose exit 0
68 timing npm Completed in 507ms
69 info ok
