0 verbose cli /usr/local/bin/node /usr/local/bin/npm
1 info using npm@10.2.4
2 info using node@v20.11.1
3 timing npm:load:whichnode Completed in 0ms
4 timing config:load:defaults Completed in 1ms
5 timing config:load:file:/usr/local/lib/node_modules/npm/npmrc Completed in 0ms
6 timing config:load:builtin Completed in 0ms
7 timing config:load:cli Completed in 1ms
8 timing config:load:env Completed in 0ms
9 timing config:load:file:/Users/leehyunsoo/Library/Caches/typescript/5.3/.npmrc Completed in 0ms
10 timing config:load:project Completed in 1ms
11 timing config:load:file:/Users/leehyunsoo/.npmrc Completed in 0ms
12 timing config:load:user Completed in 0ms
13 timing config:load:file:/usr/local/etc/npmrc Completed in 0ms
14 timing config:load:global Completed in 0ms
15 timing config:load:setEnvs Completed in 0ms
16 timing config:load Completed in 3ms
17 timing npm:load:configload Completed in 3ms
18 timing config:load:flatten Completed in 0ms
19 timing npm:load:mkdirpcache Completed in 0ms
20 timing npm:load:mkdirplogs Completed in 1ms
21 verbose title npm install @types/body-parser@ts5.3 @types/ejs@ts5.3 @types/express@ts5.3 @types/node@ts5.3 @types/merge-descriptors@ts5.3 @types/serve-static@ts5.3
22 verbose argv "install" "--ignore-scripts" "@types/body-parser@ts5.3" "@types/ejs@ts5.3" "@types/express@ts5.3" "@types/node@ts5.3" "@types/merge-descriptors@ts5.3" "@types/serve-static@ts5.3" "--save-dev" "--user-agent" "typesInstaller/5.3.2"
23 timing npm:load:setTitle Completed in 5ms
24 timing npm:load:display Completed in 0ms
25 verbose logfile logs-max:10 dir:/Users/leehyunsoo/.npm/_logs/2024-02-22T11_46_39_124Z-
26 verbose logfile /Users/leehyunsoo/.npm/_logs/2024-02-22T11_46_39_124Z-debug-0.log
27 timing npm:load:logFile Completed in 3ms
28 timing npm:load:timers Completed in 0ms
29 timing npm:load:configScope Completed in 0ms
30 timing npm:load Completed in 17ms
31 timing arborist:ctor Completed in 0ms
32 silly logfile done cleaning log files
33 timing idealTree:init Completed in 6ms
34 timing arborist:ctor Completed in 0ms
35 http fetch GET 200 https://registry.npmjs.org/@types%2fejs 118ms (cache miss)
36 http fetch GET 200 https://registry.npmjs.org/@types%2fbody-parser 129ms (cache miss)
37 http fetch GET 200 https://registry.npmjs.org/@types%2fexpress 146ms (cache miss)
38 http fetch GET 200 https://registry.npmjs.org/@types%2fnode 240ms (cache miss)
39 http fetch GET 200 https://registry.npmjs.org/@types%2fserve-static 442ms (cache miss)
40 http fetch GET 200 https://registry.npmjs.org/@types%2fmerge-descriptors 602ms (cache miss)
41 timing idealTree:userRequests Completed in 606ms
42 silly idealTree buildDeps
43 silly fetch manifest @types/ejs@3.1.5
44 silly fetch manifest @types/body-parser@1.19.5
45 silly fetch manifest @types/express@4.17.21
46 silly fetch manifest @types/node@20.11.19
47 silly fetch manifest @types/serve-static@1.15.5
48 silly fetch manifest @types/merge-descriptors@1.0.3
49 silly placeDep ROOT @types/body-parser@1.19.5 OK for:  want: 1.19.5
50 silly fetch manifest @types/connect@*
51 silly fetch manifest @types/node@*
52 silly placeDep ROOT @types/ejs@3.1.5 OK for:  want: 3.1.5
53 silly placeDep ROOT @types/express@4.17.21 OK for:  want: 4.17.21
54 silly fetch manifest @types/express-serve-static-core@^4.17.33
55 silly fetch manifest @types/qs@*
56 silly fetch manifest @types/serve-static@*
57 silly placeDep ROOT @types/merge-descriptors@1.0.3 OK for:  want: 1.0.3
58 silly placeDep ROOT @types/node@20.11.19 OK for:  want: 20.11.19
59 silly fetch manifest undici-types@~5.26.4
60 silly placeDep ROOT @types/serve-static@1.15.5 OK for:  want: 1.15.5
61 silly fetch manifest @types/http-errors@*
62 silly fetch manifest @types/mime@*
63 http fetch GET 200 https://registry.npmjs.org/@types%2fexpress-serve-static-core 68ms (cache miss)
64 http fetch GET 200 https://registry.npmjs.org/undici-types 75ms (cache miss)
65 http fetch GET 200 https://registry.npmjs.org/@types%2fconnect 81ms (cache miss)
66 http fetch GET 200 https://registry.npmjs.org/@types%2fqs 78ms (cache miss)
67 http fetch GET 200 https://registry.npmjs.org/@types%2fhttp-errors 119ms (cache miss)
68 http fetch GET 200 https://registry.npmjs.org/@types%2fmime 1486ms (cache miss)
69 timing idealTree:#root Completed in 1500ms
70 silly placeDep ROOT @types/connect@3.4.38 OK for: @types/body-parser@1.19.5 want: *
71 timing idealTree:node_modules/@types/body-parser Completed in 2ms
72 timing idealTree:node_modules/@types/connect Completed in 1ms
73 timing idealTree:node_modules/@types/ejs Completed in 0ms
74 silly placeDep ROOT @types/express-serve-static-core@4.17.43 OK for: @types/express@4.17.21 want: ^4.17.33
75 silly fetch manifest @types/range-parser@*
76 silly fetch manifest @types/send@*
77 silly placeDep ROOT @types/qs@6.9.11 OK for: @types/express@4.17.21 want: *
78 http fetch GET 200 https://registry.npmjs.org/@types%2fsend 64ms (cache miss)
79 http fetch GET 200 https://registry.npmjs.org/@types%2frange-parser 64ms (cache miss)
80 timing idealTree:node_modules/@types/express Completed in 66ms
81 silly placeDep ROOT @types/range-parser@1.2.7 OK for: @types/express-serve-static-core@4.17.43 want: *
82 silly placeDep ROOT @types/send@0.17.4 OK for: @types/express-serve-static-core@4.17.43 want: *
83 silly fetch manifest @types/mime@^1
84 timing idealTree:node_modules/@types/express-serve-static-core Completed in 4ms
85 timing idealTree:node_modules/@types/merge-descriptors Completed in 0ms
86 silly placeDep ROOT undici-types@5.26.5 OK for: @types/node@20.11.19 want: ~5.26.4
87 timing idealTree:node_modules/@types/node Completed in 1ms
88 timing idealTree:node_modules/@types/qs Completed in 0ms
89 timing idealTree:node_modules/@types/range-parser Completed in 1ms
90 silly placeDep ROOT @types/mime@1.3.5 OK for: @types/send@0.17.4 want: ^1
91 timing idealTree:node_modules/@types/send Completed in 1ms
92 timing idealTree:node_modules/@types/mime Completed in 0ms
93 silly placeDep ROOT @types/http-errors@2.0.4 OK for: @types/serve-static@1.15.5 want: *
94 timing idealTree:node_modules/@types/serve-static Completed in 1ms
95 timing idealTree:node_modules/@types/http-errors Completed in 0ms
96 timing idealTree:node_modules/undici-types Completed in 0ms
97 timing idealTree:buildDeps Completed in 1579ms
98 timing idealTree:fixDepFlags Completed in 0ms
99 timing idealTree Completed in 2192ms
100 timing reify:loadTrees Completed in 2193ms
101 timing reify:diffTrees Completed in 2ms
102 silly reify moves {}
103 timing reify:retireShallow Completed in 1ms
104 timing reify:createSparse Completed in 1ms
105 timing reify:loadBundles Completed in 0ms
106 silly audit bulk request {
106 silly audit   'types-registry': [ '0.1.684' ],
106 silly audit   '@types/body-parser': [ '1.19.5' ],
106 silly audit   '@types/ejs': [ '3.1.5' ],
106 silly audit   '@types/express': [ '4.17.21' ],
106 silly audit   '@types/merge-descriptors': [ '1.0.3' ],
106 silly audit   '@types/node': [ '20.11.19' ],
106 silly audit   '@types/serve-static': [ '1.15.5' ],
106 silly audit   '@types/connect': [ '3.4.38' ],
106 silly audit   '@types/express-serve-static-core': [ '4.17.43' ],
106 silly audit   '@types/qs': [ '6.9.11' ],
106 silly audit   '@types/range-parser': [ '1.2.7' ],
106 silly audit   '@types/send': [ '0.17.4' ],
106 silly audit   'undici-types': [ '5.26.5' ],
106 silly audit   '@types/mime': [ '1.3.5' ],
106 silly audit   '@types/http-errors': [ '2.0.4' ]
106 silly audit }
107 silly tarball no local data for @types/http-errors@https://registry.npmjs.org/@types/http-errors/-/http-errors-2.0.4.tgz. Extracting by manifest.
108 silly tarball no local data for @types/mime@https://registry.npmjs.org/@types/mime/-/mime-1.3.5.tgz. Extracting by manifest.
109 silly tarball no local data for undici-types@https://registry.npmjs.org/undici-types/-/undici-types-5.26.5.tgz. Extracting by manifest.
110 silly tarball no local data for @types/send@https://registry.npmjs.org/@types/send/-/send-0.17.4.tgz. Extracting by manifest.
111 silly tarball no local data for @types/range-parser@https://registry.npmjs.org/@types/range-parser/-/range-parser-1.2.7.tgz. Extracting by manifest.
112 silly tarball no local data for @types/qs@https://registry.npmjs.org/@types/qs/-/qs-6.9.11.tgz. Extracting by manifest.
113 silly tarball no local data for @types/express-serve-static-core@https://registry.npmjs.org/@types/express-serve-static-core/-/express-serve-static-core-4.17.43.tgz. Extracting by manifest.
114 silly tarball no local data for @types/connect@https://registry.npmjs.org/@types/connect/-/connect-3.4.38.tgz. Extracting by manifest.
115 silly tarball no local data for @types/serve-static@https://registry.npmjs.org/@types/serve-static/-/serve-static-1.15.5.tgz. Extracting by manifest.
116 silly tarball no local data for @types/node@https://registry.npmjs.org/@types/node/-/node-20.11.19.tgz. Extracting by manifest.
117 silly tarball no local data for @types/merge-descriptors@https://registry.npmjs.org/@types/merge-descriptors/-/merge-descriptors-1.0.3.tgz. Extracting by manifest.
118 silly tarball no local data for @types/body-parser@https://registry.npmjs.org/@types/body-parser/-/body-parser-1.19.5.tgz. Extracting by manifest.
119 silly tarball no local data for @types/ejs@https://registry.npmjs.org/@types/ejs/-/ejs-3.1.5.tgz. Extracting by manifest.
120 silly tarball no local data for @types/express@https://registry.npmjs.org/@types/express/-/express-4.17.21.tgz. Extracting by manifest.
121 http fetch GET 200 https://registry.npmjs.org/@types/send/-/send-0.17.4.tgz 56ms (cache miss)
122 timing reifyNode:node_modules/@types/send Completed in 63ms
123 http fetch GET 200 https://registry.npmjs.org/@types/connect/-/connect-3.4.38.tgz 87ms (cache miss)
124 timing reifyNode:node_modules/@types/connect Completed in 96ms
125 http fetch GET 200 https://registry.npmjs.org/@types/http-errors/-/http-errors-2.0.4.tgz 94ms (cache miss)
126 timing reifyNode:node_modules/@types/http-errors Completed in 101ms
127 http fetch GET 200 https://registry.npmjs.org/@types/merge-descriptors/-/merge-descriptors-1.0.3.tgz 92ms (cache miss)
128 timing reifyNode:node_modules/@types/merge-descriptors Completed in 102ms
129 http fetch GET 200 https://registry.npmjs.org/@types/serve-static/-/serve-static-1.15.5.tgz 106ms (cache miss)
130 timing reifyNode:node_modules/@types/serve-static Completed in 115ms
131 http fetch GET 200 https://registry.npmjs.org/@types/express-serve-static-core/-/express-serve-static-core-4.17.43.tgz 110ms (cache miss)
132 timing reifyNode:node_modules/@types/express-serve-static-core Completed in 119ms
133 http fetch GET 200 https://registry.npmjs.org/@types/qs/-/qs-6.9.11.tgz 119ms (cache miss)
134 timing reifyNode:node_modules/@types/qs Completed in 127ms
135 http fetch GET 200 https://registry.npmjs.org/@types/body-parser/-/body-parser-1.19.5.tgz 125ms (cache miss)
136 timing reifyNode:node_modules/@types/body-parser Completed in 135ms
137 http fetch GET 200 https://registry.npmjs.org/@types/mime/-/mime-1.3.5.tgz 138ms (cache miss)
138 timing reifyNode:node_modules/@types/mime Completed in 145ms
139 http fetch GET 200 https://registry.npmjs.org/@types/ejs/-/ejs-3.1.5.tgz 150ms (cache miss)
140 timing reifyNode:node_modules/@types/ejs Completed in 161ms
141 http fetch GET 200 https://registry.npmjs.org/undici-types/-/undici-types-5.26.5.tgz 157ms (cache miss)
142 timing reifyNode:node_modules/undici-types Completed in 164ms
143 http fetch POST 200 https://registry.npmjs.org/-/npm/v1/security/advisories/bulk 167ms
144 timing auditReport:getReport Completed in 168ms
145 silly audit report {}
146 timing auditReport:init Completed in 0ms
147 timing reify:audit Completed in 168ms
148 http fetch GET 200 https://registry.npmjs.org/@types/express/-/express-4.17.21.tgz 533ms (cache miss)
149 timing reifyNode:node_modules/@types/express Completed in 544ms
150 http fetch GET 200 https://registry.npmjs.org/@types/range-parser/-/range-parser-1.2.7.tgz 738ms (cache miss)
151 timing reifyNode:node_modules/@types/range-parser Completed in 746ms
152 http fetch GET 200 https://registry.npmjs.org/@types/node/-/node-20.11.19.tgz 908ms (cache miss)
153 timing reifyNode:node_modules/@types/node Completed in 918ms
154 timing reify:unpack Completed in 919ms
155 timing reify:unretire Completed in 0ms
156 timing build:queue Completed in 1ms
157 timing build:deps Completed in 1ms
158 timing build Completed in 1ms
159 timing reify:build Completed in 1ms
160 timing reify:trash Completed in 0ms
161 timing reify:save Completed in 8ms
162 timing reify Completed in 3134ms
163 silly ADD node_modules/@types/http-errors
164 silly ADD node_modules/@types/mime
165 silly ADD node_modules/undici-types
166 silly ADD node_modules/@types/send
167 silly ADD node_modules/@types/range-parser
168 silly ADD node_modules/@types/qs
169 silly ADD node_modules/@types/express-serve-static-core
170 silly ADD node_modules/@types/connect
171 silly ADD node_modules/@types/serve-static
172 silly ADD node_modules/@types/node
173 silly ADD node_modules/@types/merge-descriptors
174 silly ADD node_modules/@types/express
175 silly ADD node_modules/@types/ejs
176 silly ADD node_modules/@types/body-parser
177 timing command:install Completed in 3137ms
178 verbose exit 0
179 timing npm Completed in 3210ms
180 info ok
